GROUP,PACKAGE,CLASS,INSTRUCTION_MISSED,INSTRUCTION_COVERED,BRANCH_MISSED,BRANCH_COVERED,LINE_MISSED,LINE_COVERED,COMPLEXITY_MISSED,COMPLEXITY_COVERED,METHOD_MISSED,METHOD_COVERED
Calendar,finalprojectB,DomainValidator.ArrayType,89,0,0,0,9,0,2,0,2,0
Calendar,finalprojectB,InetAddressValidator,245,0,64,0,64,0,38,0,6,0
Calendar,finalprojectB,RegexValidator,258,0,42,0,56,0,29,0,8,0
Calendar,finalprojectB,DomainValidator.new Object() {...},61,0,0,0,1,0,1,0,1,0
Calendar,finalprojectB,ResultPair,13,0,2,0,4,0,2,0,1,0
Calendar,finalprojectB,DomainValidator,6568,0,85,0,123,0,66,0,18,0
Calendar,finalprojectB,DomainValidator.IDNBUGHOLDER,10,0,0,0,3,0,2,0,2,0
Calendar,finalprojectB,UrlValidator,158,262,48,38,56,67,38,23,5,13
