GROUP,PACKAGE,CLASS,INSTRUCTION_MISSED,INSTRUCTION_COVERED,BRANCH_MISSED,BRANCH_COVERED,LINE_MISSED,LINE_COVERED,COMPLEXITY_MISSED,COMPLEXITY_COVERED,METHOD_MISSED,METHOD_COVERED
Calendar,calendar,DateOutOfRangeException,3,4,0,0,2,2,1,1,1,1
Calendar,calendar,CalendarMain,420,0,24,0,89,0,14,0,2,0
Calendar,calendar,CalDay,61,141,6,12,9,43,5,19,0,15
Calendar,calendar,Appt,6,340,3,29,2,90,3,43,0,30
Calendar,calendar,CalendarUtil,5,86,1,9,2,11,2,7,1,3
Calendar,calendar,TimeTable,10,305,2,50,3,79,2,31,0,6
